0 info it worked if it ends with ok
1 verbose cli [ '/home/jonathan/.nvm/versions/node/v6.10.3/bin/node',
1 verbose cli   '/home/jonathan/.nvm/versions/node/v6.10.3/bin/npm',
1 verbose cli   'start' ]
2 info using npm@3.10.10
3 info using node@v6.10.3
4 verbose run-script [ 'prestart', 'start', 'poststart' ]
5 info lifecycle todolist-app@1.0.0~prestart: todolist-app@1.0.0
6 silly lifecycle todolist-app@1.0.0~prestart: no script for prestart, continuing
7 info lifecycle todolist-app@1.0.0~start: todolist-app@1.0.0
8 verbose lifecycle todolist-app@1.0.0~start: unsafe-perm in lifecycle true
9 verbose lifecycle todolist-app@1.0.0~start: PATH: /home/jonathan/.nvm/versions/node/v6.10.3/lib/node_modules/npm/bin/node-gyp-bin:/home/jonathan/Jonathan/Workspace/tech-talk/todolist-app/node_modules/.bin:/u01/app/oracle/product/11.2.0/xe/bin:/home/jonathan/.nvm/versions/node/v6.10.3/bin:/home/jonathan/anaconda2/bin:/home/jonathan/anaconda/bin:/home/jonathan/.rbenv/bin:/usr/local/heroku/bin:/usr/local/sbin:/usr/local/bin:/usr/sbin:/usr/bin:/sbin:/bin:/usr/games:/usr/local/games:/snap/bin
10 verbose lifecycle todolist-app@1.0.0~start: CWD: /home/jonathan/Jonathan/Workspace/tech-talk/todolist-app
11 silly lifecycle todolist-app@1.0.0~start: Args: [ '-c', 'node index.js' ]
12 silly lifecycle todolist-app@1.0.0~start: Returned: code: 1  signal: null
13 info lifecycle todolist-app@1.0.0~start: Failed to exec start script
14 verbose stack Error: todolist-app@1.0.0 start: `node index.js`
14 verbose stack Exit status 1
14 verbose stack     at EventEmitter.<anonymous> (/home/jonathan/.nvm/versions/node/v6.10.3/lib/node_modules/npm/lib/utils/lifecycle.js:255:16)
14 verbose stack     at emitTwo (events.js:106:13)
14 verbose stack     at EventEmitter.emit (events.js:191:7)
14 verbose stack     at ChildProcess.<anonymous> (/home/jonathan/.nvm/versions/node/v6.10.3/lib/node_modules/npm/lib/utils/spawn.js:40:14)
14 verbose stack     at emitTwo (events.js:106:13)
14 verbose stack     at ChildProcess.emit (events.js:191:7)
14 verbose stack     at maybeClose (internal/child_process.js:886:16)
14 verbose stack     at Process.ChildProcess._handle.onexit (internal/child_process.js:226:5)
15 verbose pkgid todolist-app@1.0.0
16 verbose cwd /home/jonathan/Jonathan/Workspace/tech-talk/todolist-app
17 error Linux 4.4.0-93-generic
18 error argv "/home/jonathan/.nvm/versions/node/v6.10.3/bin/node" "/home/jonathan/.nvm/versions/node/v6.10.3/bin/npm" "start"
19 error node v6.10.3
20 error npm  v3.10.10
21 error code ELIFECYCLE
22 error todolist-app@1.0.0 start: `node index.js`
22 error Exit status 1
23 error Failed at the todolist-app@1.0.0 start script 'node index.js'.
23 error Make sure you have the latest version of node.js and npm installed.
23 error If you do, this is most likely a problem with the todolist-app package,
23 error not with npm itself.
23 error Tell the author that this fails on your system:
23 error     node index.js
23 error You can get information on how to open an issue for this project with:
23 error     npm bugs todolist-app
23 error Or if that isn't available, you can get their info via:
23 error     npm owner ls todolist-app
23 error There is likely additional logging output above.
24 verbose exit [ 1, true ]
